<?xml version="1.0" encoding="UTF-8"?>
<robot generator="Robot 3.2.1 (Python 3.8.5 on win32)" generated="20200807 15:24:29.291" rpa="false">
<suite id="s1" name="TC002" source="C:\Users\CHANDRASEKHARJANGA\PycharmProjects\TestProject\TestCases\TC002.robot">
<test id="s1-t1" name="Validate Checkbox Radiobutton List Dropdown">
<kw name="Open Browser" library="SeleniumLibrary">
<doc>Opens a new browser instance to the given ``url``.</doc>
<arguments>
<arg>${url}</arg>
<arg>${browser}</arg>
</arguments>
<msg timestamp="20200807 15:24:29.636" level="INFO">Opening browser 'chrome' to base url 'http://www.practiceselenium.com/practice-form.html'.</msg>
<status status="PASS" starttime="20200807 15:24:29.635" endtime="20200807 15:24:45.466"></status>
</kw>
<kw name="Maximize Browser Window" library="SeleniumLibrary">
<doc>Maximizes current browser window.</doc>
<status status="PASS" starttime="20200807 15:24:45.467" endtime="20200807 15:24:47.593"></status>
</kw>
<kw name="Select Radio Button" library="SeleniumLibrary">
<doc>Sets radio button group ``group_name`` to ``value``.</doc>
<arguments>
<arg>sex</arg>
<arg>Female</arg>
</arguments>
<msg timestamp="20200807 15:24:47.594" level="INFO">Selecting 'Female' from radio button 'sex'.</msg>
<status status="PASS" starttime="20200807 15:24:47.593" endtime="20200807 15:24:47.696"></status>
</kw>
<kw name="Select Radio Button" library="SeleniumLibrary">
<doc>Sets radio button group ``group_name`` to ``value``.</doc>
<arguments>
<arg>exp</arg>
<arg>4</arg>
</arguments>
<msg timestamp="20200807 15:24:47.697" level="INFO">Selecting '4' from radio button 'exp'.</msg>
<status status="PASS" starttime="20200807 15:24:47.697" endtime="20200807 15:24:47.786"></status>
</kw>
<kw name="Select Checkbox" library="SeleniumLibrary">
<doc>Selects checkbox identified by ``locator``.</doc>
<arguments>
<arg>BlackTea</arg>
</arguments>
<msg timestamp="20200807 15:24:47.787" level="INFO">Selecting checkbox 'BlackTea'.</msg>
<status status="PASS" starttime="20200807 15:24:47.787" endtime="20200807 15:24:47.862"></status>
</kw>
<kw name="Select Checkbox" library="SeleniumLibrary">
<doc>Selects checkbox identified by ``locator``.</doc>
<arguments>
<arg>oolongtea</arg>
</arguments>
<msg timestamp="20200807 15:24:47.862" level="INFO">Selecting checkbox 'oolongtea'.</msg>
<status status="PASS" starttime="20200807 15:24:47.862" endtime="20200807 15:24:47.923"></status>
</kw>
<kw name="Unselect Checkbox" library="SeleniumLibrary">
<doc>Removes selection of checkbox identified by ``locator``.</doc>
<arguments>
<arg>BlackTea</arg>
</arguments>
<msg timestamp="20200807 15:24:47.924" level="INFO">Unselecting checkbox 'BlackTea'.</msg>
<status status="PASS" starttime="20200807 15:24:47.924" endtime="20200807 15:24:47.960"></status>
</kw>
<kw name="Select From List By Label" library="SeleniumLibrary">
<doc>Selects options from selection list ``locator`` by ``labels``.</doc>
<arguments>
<arg>continents</arg>
<arg>Australia</arg>
</arguments>
<msg timestamp="20200807 15:24:47.960" level="INFO">Selecting options from selection list 'continents' by label Australia.</msg>
<status status="PASS" starttime="20200807 15:24:47.960" endtime="20200807 15:24:48.021"></status>
</kw>
<kw name="Select From List By Label" library="SeleniumLibrary">
<doc>Selects options from selection list ``locator`` by ``labels``.</doc>
<arguments>
<arg>continents</arg>
<arg>North America</arg>
</arguments>
<msg timestamp="20200807 15:24:48.022" level="INFO">Selecting options from selection list 'continents' by label North America.</msg>
<status status="PASS" starttime="20200807 15:24:48.022" endtime="20200807 15:24:48.083"></status>
</kw>
<kw name="Select From List By Index" library="SeleniumLibrary">
<doc>Selects options from selection list ``locator`` by ``indexes``.</doc>
<arguments>
<arg>continents</arg>
<arg>1</arg>
</arguments>
<msg timestamp="20200807 15:24:48.083" level="INFO">Selecting options from selection list 'continents' by index 1.</msg>
<status status="PASS" starttime="20200807 15:24:48.083" endtime="20200807 15:24:48.147"></status>
</kw>
<kw name="Select From List By Label" library="SeleniumLibrary">
<doc>Selects options from selection list ``locator`` by ``labels``.</doc>
<arguments>
<arg>selenium_commands</arg>
<arg>Switch Commands</arg>
<arg>Navigation Commands</arg>
<arg>Wait Commands</arg>
</arguments>
<msg timestamp="20200807 15:24:48.148" level="INFO">Selecting options from selection list 'selenium_commands' by labels Switch Commands, Navigation Commands, Wait Commands.</msg>
<status status="PASS" starttime="20200807 15:24:48.148" endtime="20200807 15:24:48.293"></status>
</kw>
<kw name="Capture Element Screenshot" library="SeleniumLibrary">
<doc>Captures screenshot from the element identified by ``locator`` and embeds it into log file.</doc>
<arguments>
<arg>name=selenium_commands</arg>
</arguments>
<msg timestamp="20200807 15:24:48.600" level="INFO" html="yes">&lt;/td&gt;&lt;/tr&gt;&lt;tr&gt;&lt;td colspan="3"&gt;&lt;a href="selenium-element-screenshot-2.png"&gt;&lt;img src="selenium-element-screenshot-2.png" width="400px"&gt;&lt;/a&gt;</msg>
<status status="PASS" starttime="20200807 15:24:48.294" endtime="20200807 15:24:48.600"></status>
</kw>
<kw name="Unselect From List By Label" library="SeleniumLibrary">
<doc>Unselects options from selection list ``locator`` by ``labels``.</doc>
<arguments>
<arg>selenium_commands</arg>
<arg>Switch Commands</arg>
</arguments>
<msg timestamp="20200807 15:24:48.601" level="INFO">Un-selecting options from selection list 'selenium_commands' by label Switch Commands.</msg>
<status status="PASS" starttime="20200807 15:24:48.600" endtime="20200807 15:24:48.666"></status>
</kw>
<kw name="Capture Page Screenshot" library="SeleniumLibrary">
<doc>Takes screenshot of the current page and embeds it into log file.</doc>
<msg timestamp="20200807 15:24:49.032" level="INFO" html="yes">&lt;/td&gt;&lt;/tr&gt;&lt;tr&gt;&lt;td colspan="3"&gt;&lt;a href="selenium-screenshot-4.png"&gt;&lt;img src="selenium-screenshot-4.png" width="800px"&gt;&lt;/a&gt;</msg>
<status status="PASS" starttime="20200807 15:24:48.666" endtime="20200807 15:24:49.032"></status>
</kw>
<kw name="Close Browser" library="SeleniumLibrary">
<doc>Closes the current browser.</doc>
<status status="PASS" starttime="20200807 15:24:49.032" endtime="20200807 15:24:51.353"></status>
</kw>
<status status="PASS" starttime="20200807 15:24:29.634" endtime="20200807 15:24:51.354" critical="yes"></status>
</test>
<status status="PASS" starttime="20200807 15:24:29.294" endtime="20200807 15:24:51.357"></status>
</suite>
<statistics>
<total>
<stat pass="1" fail="0">Critical Tests</stat>
<stat pass="1" fail="0">All Tests</stat>
</total>
<tag>
</tag>
<suite>
<stat pass="1" fail="0" id="s1" name="TC002">TC002</stat>
</suite>
</statistics>
<errors>
</errors>
</robot>
