<?xml version="1.0" encoding="UTF-8"?>
<robot generator="Robot 3.2.1 (Python 3.8.5 on win32)" generated="20200811 13:03:43.939" rpa="false">
<suite id="s1" name="TC016 HandleTables" source="C:\Users\CHANDRASEKHARJANGA\PycharmProjects\TestProject\TestCases\TC016_HandleTables.robot">
<test id="s1-t1" name="HandleTables">
<kw name="Open Browser" library="SeleniumLibrary">
<doc>Opens a new browser instance to the given ``url``.</doc>
<arguments>
<arg>http://testautomationpractice.blogspot.com/</arg>
<arg>headless chrome</arg>
</arguments>
<msg timestamp="20200811 13:03:44.299" level="INFO">Opening browser 'headless chrome' to base url 'http://testautomationpractice.blogspot.com/'.</msg>
<status status="PASS" starttime="20200811 13:03:44.298" endtime="20200811 13:03:55.855"></status>
</kw>
<kw name="Maximize Browser Window" library="SeleniumLibrary">
<doc>Maximizes current browser window.</doc>
<status status="PASS" starttime="20200811 13:03:55.855" endtime="20200811 13:03:57.968"></status>
</kw>
<kw name="Wait Until Page Contains" library="SeleniumLibrary">
<doc>Waits until ``text`` appears on current page.</doc>
<arguments>
<arg>HTML Table</arg>
</arguments>
<status status="PASS" starttime="20200811 13:03:57.968" endtime="20200811 13:03:57.989"></status>
</kw>
<kw name="Scroll Element Into View" library="SeleniumLibrary">
<doc>Scrolls an element identified by ``locator`` into view.</doc>
<arguments>
<arg>xpath=//table[@name='BookTable']</arg>
</arguments>
<status status="PASS" starttime="20200811 13:03:57.989" endtime="20200811 13:03:58.266"></status>
</kw>
<kw name="Get Element Count" library="SeleniumLibrary">
<doc>Returns number of elements matching ``locator``.</doc>
<arguments>
<arg>xpath=//table[@name='BookTable']/tbody/tr</arg>
</arguments>
<assign>
<var>${rows}</var>
</assign>
<msg timestamp="20200811 13:03:58.286" level="INFO">${rows} = 7</msg>
<status status="PASS" starttime="20200811 13:03:58.266" endtime="20200811 13:03:58.287"></status>
</kw>
<kw name="Get Element Count" library="SeleniumLibrary">
<doc>Returns number of elements matching ``locator``.</doc>
<arguments>
<arg>xpath=//table[@name='BookTable']/tbody/tr[1]/th</arg>
</arguments>
<assign>
<var>${cols}</var>
</assign>
<msg timestamp="20200811 13:03:58.305" level="INFO">${cols} = 4</msg>
<status status="PASS" starttime="20200811 13:03:58.287" endtime="20200811 13:03:58.305"></status>
</kw>
<kw name="Get Text" library="SeleniumLibrary">
<doc>Returns the text value of element identified by ``locator``.</doc>
<arguments>
<arg>xpath=//table[@name='BookTable']/tbody/tr[4]/td[3]</arg>
</arguments>
<assign>
<var>${data}</var>
</assign>
<msg timestamp="20200811 13:03:58.337" level="INFO">${data} = Javascript</msg>
<status status="PASS" starttime="20200811 13:03:58.305" endtime="20200811 13:03:58.337"></status>
</kw>
<kw name="Log To Console" library="BuiltIn">
<doc>Logs the given message to the console.</doc>
<arguments>
<arg>There are ${rows} rowns and ${cols} columns</arg>
</arguments>
<status status="PASS" starttime="20200811 13:03:58.337" endtime="20200811 13:03:58.337"></status>
</kw>
<kw name="Log To Console" library="BuiltIn">
<doc>Logs the given message to the console.</doc>
<arguments>
<arg>The data in table is...${data}</arg>
</arguments>
<status status="PASS" starttime="20200811 13:03:58.338" endtime="20200811 13:03:58.338"></status>
</kw>
<kw name="Table Column Should Contain" library="SeleniumLibrary">
<doc>Verifies table column contains text ``expected``.</doc>
<arguments>
<arg>xpath=//table[@name='BookTable']</arg>
<arg>2</arg>
<arg>Author</arg>
</arguments>
<status status="PASS" starttime="20200811 13:03:58.338" endtime="20200811 13:03:58.384"></status>
</kw>
<kw name="Table Row Should Contain" library="SeleniumLibrary">
<doc>Verifies that table row contains text ``expected``.</doc>
<arguments>
<arg>xpath=//table[@name='BookTable']/tbody/tr[3]/td[1]</arg>
<arg>3</arg>
<arg>Learn Java</arg>
</arguments>
<status status="PASS" starttime="20200811 13:03:58.384" endtime="20200811 13:03:58.442"></status>
</kw>
<kw name="Table Cell Should Contain" library="SeleniumLibrary">
<doc>Verifies table cell contains text ``expected``.</doc>
<arguments>
<arg>xpath=//table[@name='BookTable']</arg>
<arg>5</arg>
<arg>2</arg>
<arg>Mukesh</arg>
</arguments>
<msg timestamp="20200811 13:03:58.508" level="INFO">Table cell contains 'Mukesh'.</msg>
<status status="PASS" starttime="20200811 13:03:58.442" endtime="20200811 13:03:58.509"></status>
</kw>
<kw name="Table Header Should Contain" library="SeleniumLibrary">
<doc>Verifies table header contains text ``expected``.</doc>
<arguments>
<arg>xpath=//table[@name='BookTable']</arg>
<arg>BookName</arg>
</arguments>
<status status="PASS" starttime="20200811 13:03:58.509" endtime="20200811 13:03:58.563"></status>
</kw>
<kw name="Close Browser" library="SeleniumLibrary">
<doc>Closes the current browser.</doc>
<status status="PASS" starttime="20200811 13:03:58.563" endtime="20200811 13:04:00.617"></status>
</kw>
<status status="PASS" starttime="20200811 13:03:44.298" endtime="20200811 13:04:00.617" critical="yes"></status>
</test>
<status status="PASS" starttime="20200811 13:03:43.942" endtime="20200811 13:04:00.618"></status>
</suite>
<statistics>
<total>
<stat pass="1" fail="0">Critical Tests</stat>
<stat pass="1" fail="0">All Tests</stat>
</total>
<tag>
</tag>
<suite>
<stat pass="1" fail="0" id="s1" name="TC016 HandleTables">TC016 HandleTables</stat>
</suite>
</statistics>
<errors>
</errors>
</robot>
