<?xml version="1.0" encoding="UTF-8"?>
<robot generator="Robot 3.2.1 (Python 3.8.5 on win32)" generated="20200810 15:51:36.198" rpa="false">
<suite id="s1" name="TC012 TestCaseWithResourceFile" source="C:\Users\CHANDRASEKHARJANGA\PycharmProjects\TestProject\TestCases\TC012_TestCaseWithResourceFile.robot">
<test id="s1-t1" name="UserDefinedKeywordWithoutArguements">
<kw name="launchTheBrowser">
<kw name="Open Browser" library="SeleniumLibrary">
<doc>Opens a new browser instance to the given ``url``.</doc>
<arguments>
<arg>${url}</arg>
<arg>${browser}</arg>
</arguments>
<msg timestamp="20200810 15:51:36.511" level="INFO">Opening browser 'chrome' to base url 'http://demo.guru99.com/test/newtours'.</msg>
<status status="PASS" starttime="20200810 15:51:36.510" endtime="20200810 15:51:42.773"></status>
</kw>
<kw name="Maximize Browser Window" library="SeleniumLibrary">
<doc>Maximizes current browser window.</doc>
<status status="PASS" starttime="20200810 15:51:42.773" endtime="20200810 15:51:47.727"></status>
</kw>
<status status="PASS" starttime="20200810 15:51:36.510" endtime="20200810 15:51:47.727"></status>
</kw>
<kw name="Input Text" library="SeleniumLibrary">
<doc>Types the given ``text`` into text field identified by ``locator``.</doc>
<arguments>
<arg>name=userName</arg>
<arg>mercury</arg>
</arguments>
<msg timestamp="20200810 15:51:47.728" level="INFO">Typing text 'mercury' into text field 'name=userName'.</msg>
<status status="PASS" starttime="20200810 15:51:47.728" endtime="20200810 15:51:47.939"></status>
</kw>
<kw name="Input Password" library="SeleniumLibrary">
<doc>Types the given password into text field identified by ``locator``.</doc>
<arguments>
<arg>name=password</arg>
<arg>mercury</arg>
</arguments>
<msg timestamp="20200810 15:51:47.940" level="INFO">Typing password into text field 'name=password'.</msg>
<status status="PASS" starttime="20200810 15:51:47.939" endtime="20200810 15:51:48.148"></status>
</kw>
<kw name="closeTheBrowser">
<kw name="Close Browser" library="SeleniumLibrary">
<doc>Closes the current browser.</doc>
<status status="PASS" starttime="20200810 15:51:48.149" endtime="20200810 15:51:51.619"></status>
</kw>
<status status="PASS" starttime="20200810 15:51:48.149" endtime="20200810 15:51:51.620"></status>
</kw>
<kw name="Sleep" library="BuiltIn">
<doc>Pauses the test executed for the given time.</doc>
<arguments>
<arg>3</arg>
</arguments>
<msg timestamp="20200810 15:51:54.621" level="INFO">Slept 3 seconds</msg>
<status status="PASS" starttime="20200810 15:51:51.620" endtime="20200810 15:51:54.621"></status>
</kw>
<status status="PASS" starttime="20200810 15:51:36.509" endtime="20200810 15:51:54.621" critical="yes"></status>
</test>
<status status="PASS" starttime="20200810 15:51:36.202" endtime="20200810 15:51:54.622"></status>
</suite>
<statistics>
<total>
<stat pass="1" fail="0">Critical Tests</stat>
<stat pass="1" fail="0">All Tests</stat>
</total>
<tag>
</tag>
<suite>
<stat pass="1" fail="0" id="s1" name="TC012 TestCaseWithResourceFile">TC012 TestCaseWithResourceFile</stat>
</suite>
</statistics>
<errors>
</errors>
</robot>
