<?xml version="1.0" encoding="UTF-8"?>
<robot generator="Robot 3.2.1 (Python 3.8.5 on win32)" generated="20200807 16:00:46.248" rpa="false">
<suite id="s1" name="TC001" source="C:\Users\CHANDRASEKHARJANGA\PycharmProjects\TestProject\TestCases\TC001.robot">
<test id="s1-t1" name="LoginTest">
<kw name="Open Browser" library="SeleniumLibrary">
<doc>Opens a new browser instance to the given ``url``.</doc>
<arguments>
<arg>${url}</arg>
<arg>${browser}</arg>
</arguments>
<msg timestamp="20200807 16:00:46.609" level="INFO">Opening browser 'chrome' to base url 'https://demo.nopcommerce.com/'.</msg>
<status status="PASS" starttime="20200807 16:00:46.608" endtime="20200807 16:00:52.392"></status>
</kw>
<kw name="loginToApplication">
<kw name="Title Should Be" library="SeleniumLibrary">
<doc>Verifies that current page title equals ``title``.</doc>
<arguments>
<arg>nopCommerce demo store</arg>
</arguments>
<msg timestamp="20200807 16:00:52.421" level="INFO">Page title is 'nopCommerce demo store'.</msg>
<status status="PASS" starttime="20200807 16:00:52.394" endtime="20200807 16:00:52.421"></status>
</kw>
<kw name="Click Link" library="SeleniumLibrary">
<doc>Clicks a link identified by ``locator``.</doc>
<arguments>
<arg>xpath=//a[text()='Log in']</arg>
</arguments>
<msg timestamp="20200807 16:00:52.421" level="INFO">Clicking link 'xpath=//a[text()='Log in']'.</msg>
<status status="PASS" starttime="20200807 16:00:52.421" endtime="20200807 16:00:53.789"></status>
</kw>
<kw name="Maximize Browser Window" library="SeleniumLibrary">
<doc>Maximizes current browser window.</doc>
<status status="PASS" starttime="20200807 16:00:53.790" endtime="20200807 16:00:55.942"></status>
</kw>
<kw name="Title Should Be" library="SeleniumLibrary">
<doc>Verifies that current page title equals ``title``.</doc>
<arguments>
<arg>nopCommerce demo store. Login</arg>
</arguments>
<msg timestamp="20200807 16:00:55.948" level="INFO">Page title is 'nopCommerce demo store. Login'.</msg>
<status status="PASS" starttime="20200807 16:00:55.942" endtime="20200807 16:00:55.948"></status>
</kw>
<kw name="Wait Until Page Contains Element" library="SeleniumLibrary">
<doc>Waits until element ``locator`` appears on current page.</doc>
<arguments>
<arg>id=Email</arg>
</arguments>
<status status="PASS" starttime="20200807 16:00:55.949" endtime="20200807 16:00:55.977"></status>
</kw>
<kw name="Wait Until Page Contains Element" library="SeleniumLibrary">
<doc>Waits until element ``locator`` appears on current page.</doc>
<arguments>
<arg>id=Password</arg>
</arguments>
<status status="PASS" starttime="20200807 16:00:55.977" endtime="20200807 16:00:56.003"></status>
</kw>
<kw name="Set Variable" library="BuiltIn">
<doc>Returns the given values which can then be assigned to a variables.</doc>
<arguments>
<arg>id=Email</arg>
</arguments>
<assign>
<var>${"email_txt"}</var>
</assign>
<msg timestamp="20200807 16:00:56.006" level="INFO">${"email_txt"} = id=Email</msg>
<status status="PASS" starttime="20200807 16:00:56.004" endtime="20200807 16:00:56.007"></status>
</kw>
<kw name="Element Should Be Visible" library="SeleniumLibrary">
<doc>Verifies that the element identified by ``locator`` is visible.</doc>
<arguments>
<arg>${"email_txt"}</arg>
</arguments>
<msg timestamp="20200807 16:00:56.048" level="INFO">Element 'id=Email' is displayed.</msg>
<status status="PASS" starttime="20200807 16:00:56.007" endtime="20200807 16:00:56.048"></status>
</kw>
<kw name="Element Should Be Enabled" library="SeleniumLibrary">
<doc>Verifies that element identified with ``locator`` is enabled.</doc>
<arguments>
<arg>${"email_txt"}</arg>
</arguments>
<status status="PASS" starttime="20200807 16:00:56.054" endtime="20200807 16:00:56.095"></status>
</kw>
<kw name="Clear Element Text" library="SeleniumLibrary">
<doc>Clears the value of text entry element identified by ``locator``.</doc>
<arguments>
<arg>${"email_txt"}</arg>
</arguments>
<status status="PASS" starttime="20200807 16:00:56.095" endtime="20200807 16:00:56.161"></status>
</kw>
<kw name="Input Text" library="SeleniumLibrary">
<doc>Types the given ``text`` into text field identified by ``locator``.</doc>
<arguments>
<arg>${"email_txt"}</arg>
<arg>${username}</arg>
</arguments>
<msg timestamp="20200807 16:00:56.161" level="INFO">Typing text 'jcsreddy@gmail.com' into text field 'id=Email'.</msg>
<status status="PASS" starttime="20200807 16:00:56.161" endtime="20200807 16:00:56.256"></status>
</kw>
<kw name="Set Variable" library="BuiltIn">
<doc>Returns the given values which can then be assigned to a variables.</doc>
<arguments>
<arg>id=Password</arg>
</arguments>
<assign>
<var>${"password_txt"}</var>
</assign>
<msg timestamp="20200807 16:00:56.256" level="INFO">${"password_txt"} = id=Password</msg>
<status status="PASS" starttime="20200807 16:00:56.256" endtime="20200807 16:00:56.257"></status>
</kw>
<kw name="Element Should Be Visible" library="SeleniumLibrary">
<doc>Verifies that the element identified by ``locator`` is visible.</doc>
<arguments>
<arg>${"password_txt"}</arg>
</arguments>
<msg timestamp="20200807 16:00:56.285" level="INFO">Element 'id=Password' is displayed.</msg>
<status status="PASS" starttime="20200807 16:00:56.257" endtime="20200807 16:00:56.285"></status>
</kw>
<kw name="Element Should Be Enabled" library="SeleniumLibrary">
<doc>Verifies that element identified with ``locator`` is enabled.</doc>
<arguments>
<arg>${"password_txt"}</arg>
</arguments>
<status status="PASS" starttime="20200807 16:00:56.286" endtime="20200807 16:00:56.312"></status>
</kw>
<kw name="Clear Element Text" library="SeleniumLibrary">
<doc>Clears the value of text entry element identified by ``locator``.</doc>
<arguments>
<arg>${"password_txt"}</arg>
</arguments>
<status status="PASS" starttime="20200807 16:00:56.312" endtime="20200807 16:00:56.349"></status>
</kw>
<kw name="Input Password" library="SeleniumLibrary">
<doc>Types the given password into text field identified by ``locator``.</doc>
<arguments>
<arg>${"password_txt"}</arg>
<arg>${password}</arg>
</arguments>
<msg timestamp="20200807 16:00:56.349" level="INFO">Typing password into text field 'id=Password'.</msg>
<status status="PASS" starttime="20200807 16:00:56.349" endtime="20200807 16:00:56.432"></status>
</kw>
<kw name="Capture Page Screenshot" library="SeleniumLibrary">
<doc>Takes screenshot of the current page and embeds it into log file.</doc>
<msg timestamp="20200807 16:00:56.822" level="INFO" html="yes">&lt;/td&gt;&lt;/tr&gt;&lt;tr&gt;&lt;td colspan="3"&gt;&lt;a href="selenium-screenshot-3.png"&gt;&lt;img src="selenium-screenshot-3.png" width="800px"&gt;&lt;/a&gt;</msg>
<status status="PASS" starttime="20200807 16:00:56.432" endtime="20200807 16:00:56.822"></status>
</kw>
<kw name="Set Variable" library="BuiltIn">
<doc>Returns the given values which can then be assigned to a variables.</doc>
<arguments>
<arg>xpath=//input[@class='button-1 login-button']</arg>
</arguments>
<assign>
<var>${"loginbutton_enabled}</var>
</assign>
<msg timestamp="20200807 16:00:56.823" level="INFO">${"loginbutton_enabled} = xpath=//input[@class='button-1 login-button']</msg>
<status status="PASS" starttime="20200807 16:00:56.822" endtime="20200807 16:00:56.823"></status>
</kw>
<kw name="Element Should Be Enabled" library="SeleniumLibrary">
<doc>Verifies that element identified with ``locator`` is enabled.</doc>
<arguments>
<arg>${"loginbutton_enabled}</arg>
</arguments>
<status status="PASS" starttime="20200807 16:00:56.823" endtime="20200807 16:00:56.855"></status>
</kw>
<kw name="Click Button" library="SeleniumLibrary">
<doc>Clicks button identified by ``locator``.</doc>
<arguments>
<arg>${"loginbutton_enabled}</arg>
</arguments>
<msg timestamp="20200807 16:00:56.855" level="INFO">Clicking button 'xpath=//input[@class='button-1 login-button']'.</msg>
<status status="PASS" starttime="20200807 16:00:56.855" endtime="20200807 16:00:58.160"></status>
</kw>
<kw name="Capture Page Screenshot" library="SeleniumLibrary">
<doc>Takes screenshot of the current page and embeds it into log file.</doc>
<msg timestamp="20200807 16:00:58.541" level="INFO" html="yes">&lt;/td&gt;&lt;/tr&gt;&lt;tr&gt;&lt;td colspan="3"&gt;&lt;a href="selenium-screenshot-4.png"&gt;&lt;img src="selenium-screenshot-4.png" width="800px"&gt;&lt;/a&gt;</msg>
<status status="PASS" starttime="20200807 16:00:58.161" endtime="20200807 16:00:58.541"></status>
</kw>
<status status="PASS" starttime="20200807 16:00:52.393" endtime="20200807 16:00:58.541"></status>
</kw>
<kw name="Close Browser" library="SeleniumLibrary">
<doc>Closes the current browser.</doc>
<status status="PASS" starttime="20200807 16:00:58.541" endtime="20200807 16:01:01.169"></status>
</kw>
<status status="PASS" starttime="20200807 16:00:46.608" endtime="20200807 16:01:01.170" critical="yes"></status>
</test>
<status status="PASS" starttime="20200807 16:00:46.251" endtime="20200807 16:01:01.170"></status>
</suite>
<statistics>
<total>
<stat pass="1" fail="0">Critical Tests</stat>
<stat pass="1" fail="0">All Tests</stat>
</total>
<tag>
</tag>
<suite>
<stat pass="1" fail="0" id="s1" name="TC001">TC001</stat>
</suite>
</statistics>
<errors>
<msg timestamp="20200807 16:00:46.240" level="ERROR">Error in file 'C:\Users\CHANDRASEKHARJANGA\PycharmProjects\TestProject\TestCases\TC001.robot' on line 3: Non-existing setting 'from selenium import webdriver'.</msg>
<msg timestamp="20200807 16:00:46.240" level="ERROR">Error in file 'C:\Users\CHANDRASEKHARJANGA\PycharmProjects\TestProject\TestCases\TC001.robot' on line 4: Non-existing setting 'from webdriver_manager.chrome import ChromeDriverManager'.</msg>
</errors>
</robot>
