<?xml version="1.0" encoding="UTF-8"?>
<robot generator="Robot 3.2.1 (Python 3.8.5 on win32)" generated="20200909 13:54:44.700" rpa="false">
<suite id="s1" name="TC018 DataDrivenTesting Excel" source="C:\Users\CHANDRASEKHARJANGA\PycharmProjects\TestProject\TestCases\TC018_DataDrivenTesting_Excel.robot">
<kw name="Open My Browser" library="login_resources" type="setup">
<kw name="Open Browser" library="SeleniumLibrary">
<doc>Opens a new browser instance to the given ``url``.</doc>
<arguments>
<arg>${url}</arg>
<arg>${browser}</arg>
</arguments>
<msg timestamp="20200909 13:54:46.281" level="INFO">Opening browser 'chrome' to base url 'https://admin-demo.nopcommerce.com/'.</msg>
<status status="PASS" starttime="20200909 13:54:46.281" endtime="20200909 13:54:52.537"></status>
</kw>
<kw name="Maximize Browser Window" library="SeleniumLibrary">
<doc>Maximizes current browser window.</doc>
<status status="PASS" starttime="20200909 13:54:52.537" endtime="20200909 13:54:54.695"></status>
</kw>
<status status="PASS" starttime="20200909 13:54:46.281" endtime="20200909 13:54:54.696"></status>
</kw>
<test id="s1-t1" name="LoginTestWithExcel">
<kw name="InvalidLogin">
<arguments>
<arg>admin@yourstore.com</arg>
<arg>adm</arg>
</arguments>
<kw name="Enter UserName" library="login_resources">
<arguments>
<arg>${username}</arg>
</arguments>
<kw name="Input Text" library="SeleniumLibrary">
<doc>Types the given ``text`` into text field identified by ``locator``.</doc>
<arguments>
<arg>id=Email</arg>
<arg>${username}</arg>
</arguments>
<msg timestamp="20200909 13:54:54.699" level="INFO">Typing text 'admin@yourstore.com' into text field 'id=Email'.</msg>
<status status="PASS" starttime="20200909 13:54:54.699" endtime="20200909 13:54:54.914"></status>
</kw>
<status status="PASS" starttime="20200909 13:54:54.698" endtime="20200909 13:54:54.914"></status>
</kw>
<kw name="Enter Password" library="login_resources">
<arguments>
<arg>${password}</arg>
</arguments>
<kw name="Input Password" library="SeleniumLibrary">
<doc>Types the given password into text field identified by ``locator``.</doc>
<arguments>
<arg>id=Password</arg>
<arg>${password}</arg>
</arguments>
<msg timestamp="20200909 13:54:54.915" level="INFO">Typing password into text field 'id=Password'.</msg>
<status status="PASS" starttime="20200909 13:54:54.915" endtime="20200909 13:54:55.073"></status>
</kw>
<status status="PASS" starttime="20200909 13:54:54.915" endtime="20200909 13:54:55.073"></status>
</kw>
<kw name="Click Login Button" library="login_resources">
<kw name="Click Element" library="SeleniumLibrary">
<doc>Click element identified by ``locator``.</doc>
<arguments>
<arg>xpath=//input[@class='button-1 login-button']</arg>
</arguments>
<msg timestamp="20200909 13:54:55.075" level="INFO">Clicking element 'xpath=//input[@class='button-1 login-button']'.</msg>
<status status="PASS" starttime="20200909 13:54:55.074" endtime="20200909 13:54:56.358"></status>
</kw>
<status status="PASS" starttime="20200909 13:54:55.073" endtime="20200909 13:54:56.358"></status>
</kw>
<kw name="Error message for invalid login" library="login_resources">
<kw name="Page Should Contain" library="SeleniumLibrary">
<doc>Verifies that current page contains ``text``.</doc>
<arguments>
<arg>Login was unsuccessful</arg>
</arguments>
<msg timestamp="20200909 13:54:56.388" level="INFO">Current page contains text 'Login was unsuccessful'.</msg>
<status status="PASS" starttime="20200909 13:54:56.359" endtime="20200909 13:54:56.388"></status>
</kw>
<status status="PASS" starttime="20200909 13:54:56.358" endtime="20200909 13:54:56.388"></status>
</kw>
<status status="PASS" starttime="20200909 13:54:54.697" endtime="20200909 13:54:56.389"></status>
</kw>
<status status="PASS" starttime="20200909 13:54:54.696" endtime="20200909 13:54:56.402" critical="yes"></status>
</test>
<test id="s1-t2" name="LoginTestWithExcel">
<kw name="InvalidLogin">
<arguments>
<arg>admin@yourstore.com</arg>
<arg>admin1</arg>
</arguments>
<kw name="Enter UserName" library="login_resources">
<arguments>
<arg>${username}</arg>
</arguments>
<kw name="Input Text" library="SeleniumLibrary">
<doc>Types the given ``text`` into text field identified by ``locator``.</doc>
<arguments>
<arg>id=Email</arg>
<arg>${username}</arg>
</arguments>
<msg timestamp="20200909 13:54:56.424" level="INFO">Typing text 'admin@yourstore.com' into text field 'id=Email'.</msg>
<status status="PASS" starttime="20200909 13:54:56.423" endtime="20200909 13:54:56.663"></status>
</kw>
<status status="PASS" starttime="20200909 13:54:56.421" endtime="20200909 13:54:56.663"></status>
</kw>
<kw name="Enter Password" library="login_resources">
<arguments>
<arg>${password}</arg>
</arguments>
<kw name="Input Password" library="SeleniumLibrary">
<doc>Types the given password into text field identified by ``locator``.</doc>
<arguments>
<arg>id=Password</arg>
<arg>${password}</arg>
</arguments>
<msg timestamp="20200909 13:54:56.664" level="INFO">Typing password into text field 'id=Password'.</msg>
<status status="PASS" starttime="20200909 13:54:56.664" endtime="20200909 13:54:56.829"></status>
</kw>
<status status="PASS" starttime="20200909 13:54:56.663" endtime="20200909 13:54:56.829"></status>
</kw>
<kw name="Click Login Button" library="login_resources">
<kw name="Click Element" library="SeleniumLibrary">
<doc>Click element identified by ``locator``.</doc>
<arguments>
<arg>xpath=//input[@class='button-1 login-button']</arg>
</arguments>
<msg timestamp="20200909 13:54:56.830" level="INFO">Clicking element 'xpath=//input[@class='button-1 login-button']'.</msg>
<status status="PASS" starttime="20200909 13:54:56.830" endtime="20200909 13:54:58.107"></status>
</kw>
<status status="PASS" starttime="20200909 13:54:56.829" endtime="20200909 13:54:58.108"></status>
</kw>
<kw name="Error message for invalid login" library="login_resources">
<kw name="Page Should Contain" library="SeleniumLibrary">
<doc>Verifies that current page contains ``text``.</doc>
<arguments>
<arg>Login was unsuccessful</arg>
</arguments>
<msg timestamp="20200909 13:54:58.120" level="INFO">Current page contains text 'Login was unsuccessful'.</msg>
<status status="PASS" starttime="20200909 13:54:58.109" endtime="20200909 13:54:58.121"></status>
</kw>
<status status="PASS" starttime="20200909 13:54:58.108" endtime="20200909 13:54:58.123"></status>
</kw>
<status status="PASS" starttime="20200909 13:54:56.420" endtime="20200909 13:54:58.124"></status>
</kw>
<status status="PASS" starttime="20200909 13:54:56.416" endtime="20200909 13:54:58.125" critical="yes"></status>
</test>
<test id="s1-t3" name="LoginTestWithExcel">
<kw name="InvalidLogin">
<arguments>
<arg>admin@yourstore.com</arg>
<arg>adm</arg>
</arguments>
<kw name="Enter UserName" library="login_resources">
<arguments>
<arg>${username}</arg>
</arguments>
<kw name="Input Text" library="SeleniumLibrary">
<doc>Types the given ``text`` into text field identified by ``locator``.</doc>
<arguments>
<arg>id=Email</arg>
<arg>${username}</arg>
</arguments>
<msg timestamp="20200909 13:54:58.129" level="INFO">Typing text 'admin@yourstore.com' into text field 'id=Email'.</msg>
<status status="PASS" starttime="20200909 13:54:58.129" endtime="20200909 13:54:58.244"></status>
</kw>
<status status="PASS" starttime="20200909 13:54:58.128" endtime="20200909 13:54:58.244"></status>
</kw>
<kw name="Enter Password" library="login_resources">
<arguments>
<arg>${password}</arg>
</arguments>
<kw name="Input Password" library="SeleniumLibrary">
<doc>Types the given password into text field identified by ``locator``.</doc>
<arguments>
<arg>id=Password</arg>
<arg>${password}</arg>
</arguments>
<msg timestamp="20200909 13:54:58.245" level="INFO">Typing password into text field 'id=Password'.</msg>
<status status="PASS" starttime="20200909 13:54:58.244" endtime="20200909 13:54:58.329"></status>
</kw>
<status status="PASS" starttime="20200909 13:54:58.244" endtime="20200909 13:54:58.329"></status>
</kw>
<kw name="Click Login Button" library="login_resources">
<kw name="Click Element" library="SeleniumLibrary">
<doc>Click element identified by ``locator``.</doc>
<arguments>
<arg>xpath=//input[@class='button-1 login-button']</arg>
</arguments>
<msg timestamp="20200909 13:54:58.330" level="INFO">Clicking element 'xpath=//input[@class='button-1 login-button']'.</msg>
<status status="PASS" starttime="20200909 13:54:58.330" endtime="20200909 13:54:59.547"></status>
</kw>
<status status="PASS" starttime="20200909 13:54:58.329" endtime="20200909 13:54:59.548"></status>
</kw>
<kw name="Error message for invalid login" library="login_resources">
<kw name="Page Should Contain" library="SeleniumLibrary">
<doc>Verifies that current page contains ``text``.</doc>
<arguments>
<arg>Login was unsuccessful</arg>
</arguments>
<msg timestamp="20200909 13:54:59.564" level="INFO">Current page contains text 'Login was unsuccessful'.</msg>
<status status="PASS" starttime="20200909 13:54:59.549" endtime="20200909 13:54:59.565"></status>
</kw>
<status status="PASS" starttime="20200909 13:54:59.548" endtime="20200909 13:54:59.565"></status>
</kw>
<status status="PASS" starttime="20200909 13:54:58.128" endtime="20200909 13:54:59.565"></status>
</kw>
<status status="PASS" starttime="20200909 13:54:58.128" endtime="20200909 13:54:59.565" critical="yes"></status>
</test>
<kw name="Close Browsers" library="login_resources" type="teardown">
<kw name="Close All Browsers" library="SeleniumLibrary">
<doc>Closes all open browsers and resets the browser cache.</doc>
<status status="PASS" starttime="20200909 13:54:59.567" endtime="20200909 13:55:01.942"></status>
</kw>
<status status="PASS" starttime="20200909 13:54:59.567" endtime="20200909 13:55:01.942"></status>
</kw>
<status status="PASS" starttime="20200909 13:54:44.712" endtime="20200909 13:55:01.942"></status>
</suite>
<statistics>
<total>
<stat pass="3" fail="0">Critical Tests</stat>
<stat pass="3" fail="0">All Tests</stat>
</total>
<tag>
</tag>
<suite>
<stat pass="3" fail="0" id="s1" name="TC018 DataDrivenTesting Excel">TC018 DataDrivenTesting Excel</stat>
</suite>
</statistics>
<errors>
<msg timestamp="20200909 13:54:56.413" level="WARN">Multiple test cases with name 'LoginTestWithExcel' executed in test suite 'TC018 DataDrivenTesting Excel'.</msg>
<msg timestamp="20200909 13:54:58.127" level="WARN">Multiple test cases with name 'LoginTestWithExcel' executed in test suite 'TC018 DataDrivenTesting Excel'.</msg>
</errors>
</robot>
