<?xml version="1.0" encoding="UTF-8"?>
<robot generator="Robot 3.2.1 (Python 3.8.5 on win32)" generated="20200909 12:38:04.008" rpa="false">
<suite id="s1" name="TC015 Links" source="C:\Users\CHANDRASEKHARJANGA\PycharmProjects\TestProject\TestCases\TC015_Links.robot">
<test id="s1-t1" name="LinkTest">
<kw name="Open Browser" library="SeleniumLibrary">
<doc>Opens a new browser instance to the given ``url``.</doc>
<arguments>
<arg>http://demo.guru99.com/test/newtours/</arg>
<arg>chrome</arg>
</arguments>
<msg timestamp="20200909 12:38:04.290" level="INFO">Opening browser 'chrome' to base url 'http://demo.guru99.com/test/newtours/'.</msg>
<status status="PASS" starttime="20200909 12:38:04.289" endtime="20200909 12:38:11.995"></status>
</kw>
<kw name="Maximize Browser Window" library="SeleniumLibrary">
<doc>Maximizes current browser window.</doc>
<status status="PASS" starttime="20200909 12:38:11.998" endtime="20200909 12:38:16.025"></status>
</kw>
<kw name="Get Element Count" library="SeleniumLibrary">
<doc>Returns number of elements matching ``locator``.</doc>
<arguments>
<arg>xpath=//a</arg>
</arguments>
<assign>
<var>${linkscount}</var>
</assign>
<msg timestamp="20200909 12:38:16.051" level="INFO">${linkscount} = 53</msg>
<status status="PASS" starttime="20200909 12:38:16.026" endtime="20200909 12:38:16.051"></status>
</kw>
<kw name="Log To Console" library="BuiltIn">
<doc>Logs the given message to the console.</doc>
<arguments>
<arg>${linkscount}</arg>
</arguments>
<status status="PASS" starttime="20200909 12:38:16.052" endtime="20200909 12:38:16.053"></status>
</kw>
<kw name="Close Browser" library="SeleniumLibrary">
<doc>Closes the current browser.</doc>
<status status="PASS" starttime="20200909 12:38:16.054" endtime="20200909 12:38:18.602"></status>
</kw>
<status status="PASS" starttime="20200909 12:38:04.289" endtime="20200909 12:38:18.604" critical="yes"></status>
</test>
<status status="PASS" starttime="20200909 12:38:04.014" endtime="20200909 12:38:18.606"></status>
</suite>
<statistics>
<total>
<stat pass="1" fail="0">Critical Tests</stat>
<stat pass="1" fail="0">All Tests</stat>
</total>
<tag>
</tag>
<suite>
<stat pass="1" fail="0" id="s1" name="TC015 Links">TC015 Links</stat>
</suite>
</statistics>
<errors>
</errors>
</robot>
